<?xml version="1.0" encoding="UTF-8"?>
<beans xmlns="http://www.springframework.org/schema/beans"
	xmlns:xsi="http://www.w3.org/2001/XMLSchema-instance"
	xmlns:context="http://www.springframework.org/schema/context"
	xsi:schemaLocation="http://www.springframework.org/schema/beans http://www.springframework.org/schema/beans/spring-beans-3.0.xsd
		http://www.springframework.org/schema/context http://www.springframework.org/schema/context/spring-context-4.3.xsd">
	<!-- HandlerMapping 설정  -->
	<!--  BeanNameUrlHandlerMapping : client의 요청 Url과 동일한 이름의 Bean 컨트롤러로 사용하도록 Mapping -->
	<!-- 
	<bean class="org.springframework.web.servlet.mvc.annotation.DefaultAnnotationHandlerMapping"/>
	 -->
	 <context:component-scan base-package="pack"/>
	
	<!--  Controller 설정  -->
	
	
	<!--  ViewResolver 설정 -->
	<bean class="org.springframework.web.servlet.view.InternalResourceViewResolver">
		<property name="prefix" value="/"/>
		<property name="suffix" value=".jsp"/>
	</bean>

</beans>
